Change Component Comment : Designator=R1 Old Comment=1KO   1% New Comment=1K3O   1%
Change Component Comment : Designator=R2 Old Comment=1KO   1% New Comment=1K3O   1%
Change Component Comment : Designator=R3 Old Comment=1KO   1% New Comment=1K3O   1%
Change Component Comment : Designator=R4 Old Comment=1KO   1% New Comment=1K3O   1%
Change Component Comment : Designator=R5 Old Comment=1KO   1% New Comment=1K3O   1%
Change Component Comment : Designator=R6 Old Comment=1KO   1% New Comment=1K3O   1%
Change Component Comment : Designator=R7 Old Comment=1KO   1% New Comment=1K3O   1%
Change Component Comment : Designator=R8 Old Comment=1KO   1% New Comment=1K3O   1%
Change Component Comment : Designator=R9 Old Comment=2K7O   1% New Comment=4K75O   1%
Change Component Comment : Designator=R10 Old Comment=2K7O   1% New Comment=4K75O   1%
Change Component Comment : Designator=R11 Old Comment=2K7O   1% New Comment=4K75O   1%
Change Component Comment : Designator=R12 Old Comment=2K7O   1% New Comment=4K75O   1%
Change Component Comment : Designator=R13 Old Comment=2K7O   1% New Comment=4K75O   1%
Change Component Comment : Designator=R14 Old Comment=2K7O   1% New Comment=4K75O   1%
Change Component Comment : Designator=R15 Old Comment=2K7O   1% New Comment=4K75O   1%
Change Component Comment : Designator=R16 Old Comment=2K7O   1% New Comment=4K75O   1%
Change Component Comment : Designator=R17 Old Comment=3K9O   1% New Comment=4K64O   1%
Change Component Comment : Designator=R18 Old Comment=3K9O   1% New Comment=4K64O   1%
Change Component Comment : Designator=R19 Old Comment=3K9O   1% New Comment=4K64O   1%
Change Component Comment : Designator=R20 Old Comment=3K9O   1% New Comment=4K64O   1%
Change Component Comment : Designator=R21 Old Comment=3K9O   1% New Comment=4K64O   1%
Change Component Comment : Designator=R22 Old Comment=3K9O   1% New Comment=4K64O   1%
Change Component Comment : Designator=R23 Old Comment=3K9O   1% New Comment=4K64O   1%
Change Component Comment : Designator=R24 Old Comment=3K9O   1% New Comment=4K64O   1%
Added Member To Class: ClassName=nixie_light Member=Component LED8 RGB
Added Member To Class: ClassName=nixie_tube Member=Component NE1 NIXIE-IN3
Added Member To Class: ClassName=nixie_light Member=Component R10 4K75O   1%
Added Member To Class: ClassName=nixie_light Member=Component R12 4K75O   1%
Added Member To Class: ClassName=nixie_light Member=Component R20 4K64O   1%
