Removed Pin From Net: NetName=12V Pin=J1-1
Removed Pin From Net: NetName=12V Pin=J1-2
Removed Pin From Net: NetName=12V Pin=J1-3
Removed Pin From Net: NetName=GND Pin=J1-6
Removed Pin From Net: NetName=GND Pin=J1-7
Removed Pin From Net: NetName=GND Pin=J1-8
Removed Pin From Net: NetName=GND Pin=J1-9
Removed Pin From Net: NetName=GND Pin=J1-10
Removed Pin From Net: NetName=RED Pin=J1-11
Removed Pin From Net: NetName=GREEN Pin=J1-12
Removed Pin From Net: NetName=BLUE Pin=J1-13
Removed Pin From Net: NetName=180V Pin=J1-16
Removed Pin From Net: NetName=180V Pin=J1-17
Removed Pin From Net: NetName=180V Pin=J1-18
Removed Pin From Net: NetName=180V Pin=J1-19
Removed Pin From Net: NetName=180V Pin=J1-20
Removed Pin From Net: NetName=3V3 Pin=J4-1
Removed Pin From Net: NetName=GND Pin=J4-3
Removed Pin From Net: NetName=3V3 Pin=U2-1
Removed Pin From Net: NetName=RED Pin=U2-2
Removed Pin From Net: NetName=BLUE Pin=U2-3
Removed Pin From Net: NetName=GREEN Pin=U2-4
Removed Pin From Net: NetName=OSCIN Pin=U2-5
Removed Pin From Net: NetName=OSCOUT Pin=U2-6
Removed Pin From Net: NetName=RESET Pin=U2-7
Removed Pin From Net: NetName=GND Pin=U2-8
Removed Pin From Net: NetName=3V3 Pin=U2-9
Removed Pin From Net: NetName=BUZZER Pin=U2-10
Removed Pin From Net: NetName=ALARM Pin=U2-11
Removed Pin From Net: NetName=BUTTON_LIGHT Pin=U2-12
Removed Pin From Net: NetName=BUTTON_1 Pin=U2-13
Removed Pin From Net: NetName=BUTTON_2 Pin=U2-14
Removed Pin From Net: NetName=BUTTON_3 Pin=U2-15
Removed Pin From Net: NetName=NIXIE_0 Pin=U2-16
Removed Pin From Net: NetName=NIXIE_P Pin=U2-17
Removed Pin From Net: NetName=NIXIE_PR Pin=U2-18
Removed Pin From Net: NetName=NIXIE_PL Pin=U2-19
Removed Pin From Net: NetName=BOOT1 Pin=U2-20
Removed Pin From Net: NetName=I2C-SCL Pin=U2-21
Removed Pin From Net: NetName=I2C-SDA Pin=U2-22
Removed Pin From Net: NetName=GND Pin=U2-23
Removed Pin From Net: NetName=3V3 Pin=U2-24
Removed Pin From Net: NetName=NIXIE_9 Pin=U2-25
Removed Pin From Net: NetName=NIXIE_8 Pin=U2-26
Removed Pin From Net: NetName=NIXIE_7 Pin=U2-27
Removed Pin From Net: NetName=NIXIE_6 Pin=U2-28
Removed Pin From Net: NetName=NIXIE_5 Pin=U2-29
Removed Pin From Net: NetName=NIXIE_4 Pin=U2-30
Removed Pin From Net: NetName=NIXIE_1 Pin=U2-31
Removed Pin From Net: NetName=NIXIE_2 Pin=U2-32
Removed Pin From Net: NetName=NIXIE_3 Pin=U2-33
Removed Pin From Net: NetName=SWDIO Pin=U2-34
Removed Pin From Net: NetName=GND Pin=U2-35
Removed Pin From Net: NetName=3V3 Pin=U2-36
Removed Pin From Net: NetName=SWCLK Pin=U2-37
Removed Pin From Net: NetName=NCRL_1 Pin=U2-38
Removed Pin From Net: NetName=NCRL_2 Pin=U2-39
Removed Pin From Net: NetName=NCRL_3 Pin=U2-40
Removed Pin From Net: NetName=NCRL_4 Pin=U2-41
Removed Pin From Net: NetName=NCRL_5 Pin=U2-42
Removed Pin From Net: NetName=NCRL_6 Pin=U2-43
Removed Pin From Net: NetName=BOOT0 Pin=U2-44
Removed Pin From Net: NetName=B_SENSE Pin=U2-45
Removed Pin From Net: NetName=GND Pin=U2-47
Removed Pin From Net: NetName=3V3 Pin=U2-48
Removed Member From Class: ClassName=nixie_peripherals Member=J4
Added Component: Designator=J1(PIN_2X10_SKT)
Add component. Clean all parameters for all variants
Add component (AddParameter): Name = "System"; Value = "Connector"; VariantName = "[No Variations]"
Added Component: Designator=R25(0603)
Add component. Clean all parameters for all variants
Added Component: Designator=U2(LQFP48)
Add component. Clean all parameters for all variants
Added Pin To Net: NetName=12V Pin=J1-1
Added Pin To Net: NetName=12V Pin=J1-2
Added Pin To Net: NetName=12V Pin=J1-3
Added Pin To Net: NetName=GND Pin=J1-6
Added Pin To Net: NetName=GND Pin=J1-7
Added Pin To Net: NetName=GND Pin=J1-8
Added Pin To Net: NetName=GND Pin=J1-9
Added Pin To Net: NetName=GND Pin=J1-10
Added Pin To Net: NetName=RED Pin=J1-11
Added Pin To Net: NetName=GREEN Pin=J1-12
Added Pin To Net: NetName=BLUE Pin=J1-13
Added Pin To Net: NetName=180V Pin=J1-16
Added Pin To Net: NetName=180V Pin=J1-17
Added Pin To Net: NetName=180V Pin=J1-18
Added Pin To Net: NetName=180V Pin=J1-19
Added Pin To Net: NetName=180V Pin=J1-20
Added Pin To Net: NetName=3V3 Pin=R25-1
Added Pin To Net: NetName=3V3 Pin=U2-1
Added Pin To Net: NetName=RED Pin=U2-2
Added Pin To Net: NetName=BLUE Pin=U2-3
Added Pin To Net: NetName=GREEN Pin=U2-4
Added Pin To Net: NetName=OSCIN Pin=U2-5
Added Pin To Net: NetName=OSCOUT Pin=U2-6
Added Pin To Net: NetName=RESET Pin=U2-7
Added Pin To Net: NetName=GND Pin=U2-8
Added Pin To Net: NetName=3V3 Pin=U2-9
Added Pin To Net: NetName=BUZZER Pin=U2-10
Added Pin To Net: NetName=ALARM Pin=U2-11
Added Pin To Net: NetName=BUTTON_LIGHT Pin=U2-12
Added Pin To Net: NetName=BUTTON_1 Pin=U2-13
Added Pin To Net: NetName=BUTTON_2 Pin=U2-14
Added Pin To Net: NetName=BUTTON_3 Pin=U2-15
Added Pin To Net: NetName=NIXIE_0 Pin=U2-16
Added Pin To Net: NetName=NIXIE_P Pin=U2-17
Added Pin To Net: NetName=NIXIE_PR Pin=U2-18
Added Pin To Net: NetName=NIXIE_PL Pin=U2-19
Added Pin To Net: NetName=BOOT1 Pin=U2-20
Added Pin To Net: NetName=I2C-SCL Pin=U2-21
Added Pin To Net: NetName=I2C-SDA Pin=U2-22
Added Pin To Net: NetName=GND Pin=U2-23
Added Pin To Net: NetName=3V3 Pin=U2-24
Added Pin To Net: NetName=NIXIE_9 Pin=U2-25
Added Pin To Net: NetName=NIXIE_8 Pin=U2-26
Added Pin To Net: NetName=NIXIE_7 Pin=U2-27
Added Pin To Net: NetName=NIXIE_6 Pin=U2-28
Added Pin To Net: NetName=NIXIE_5 Pin=U2-29
Added Pin To Net: NetName=NIXIE_4 Pin=U2-30
Added Pin To Net: NetName=NIXIE_1 Pin=U2-31
Added Pin To Net: NetName=NIXIE_2 Pin=U2-32
Added Pin To Net: NetName=NIXIE_3 Pin=U2-33
Added Pin To Net: NetName=SWDIO Pin=U2-34
Added Pin To Net: NetName=GND Pin=U2-35
Added Pin To Net: NetName=3V3 Pin=U2-36
Added Pin To Net: NetName=SWCLK Pin=U2-37
Added Pin To Net: NetName=NCRL_1 Pin=U2-38
Added Pin To Net: NetName=NCRL_2 Pin=U2-39
Added Pin To Net: NetName=NCRL_3 Pin=U2-40
Added Pin To Net: NetName=NCRL_4 Pin=U2-41
Added Pin To Net: NetName=NCRL_5 Pin=U2-42
Added Pin To Net: NetName=NCRL_6 Pin=U2-43
Added Pin To Net: NetName=BOOT0 Pin=U2-44
Added Pin To Net: NetName=B_SENSE Pin=U2-45
Added Pin To Net: NetName=GND Pin=U2-47
Added Pin To Net: NetName=3V3 Pin=U2-48
Added Pin To Net: NetName=BOARD SELECTOR Pin=J1-14
Added Pin To Net: NetName=BOARD SELECTOR Pin=R25-2
Added Pin To Net: NetName=BOARD SELECTOR Pin=U2-46
Added Net: Name=BOARD SELECTOR
Added Member To Class: ClassName=nixie_peripherals Member=Component R25 10KO   1%
